<?xml version="1.0" encoding="UTF-8" ?>
<testsuite tests="1" failures="1" name="ni.uam.edu.distribuidoragueguense.FxmlLoadTest" time="0.03" errors="0" skipped="0">
  <properties>
[...]
</properties>
  <testcase classname="ni.uam.edu.distribuidoragueguense.FxmlLoadTest" name="ni.uam.edu.distribuidoragueguense.FxmlLoadTest.testFxmlLoads" time="0.03">
    <failure message="Toolkit not initialized" type="java.lang.IllegalStateException">java.lang.IllegalStateException: Toolkit not initialized
	at com.sun.javafx.application.PlatformImpl.runLater(PlatformImpl.java:436)
	at com.sun.javafx.application.PlatformImpl.runLater(PlatformImpl.java:431)
	at javafx.application.Platform.runLater(Platform.java:168)
	at ni.uam.edu.distribuidoragueguense.FxmlLoadTest.testFxmlLoads(FxmlLoadTest.java:34)
</failure>
  </testcase>
</testsuite>